<?xml version="1.0" encoding="UTF-8"?>
<!-- Generated by org.testng.reporters.JUnitReportReporter -->
<testsuite hostname="Bapu" failures="0" tests="27" name="com.sgtesting.testngadvance.AdvanceOne" time="183.867" errors="0" timestamp="2022-06-11T23:20:25 IST" skipped="0">
  <testcase classname="com.sgtesting.testngadvance.AdvanceOne" name="launchBrowser" time="6.214"/>
  <system-out/>
  <testcase classname="com.sgtesting.testngadvance.AdvanceOne" name="navigate" time="4.879"/>
  <system-out/>
  <testcase classname="com.sgtesting.testngadvance.AdvanceOne" name="login" time="3.201"/>
  <system-out/>
  <testcase classname="com.sgtesting.testngadvance.AdvanceOne" name="minimizeFlyOutWindow" time="0.136"/>
  <system-out/>
  <testcase classname="com.sgtesting.testngadvance.AdvanceOne" name="createUser1User2User3" time="82.232"/>
  <system-out/>
  <testcase classname="com.sgtesting.testngadvance.AdvanceOne" name="logout" time="3.271"/>
  <system-out/>
  <testcase classname="com.sgtesting.testngadvance.AdvanceOne" name="loginUser1" time="9.389"/>
  <system-out/>
  <testcase classname="com.sgtesting.testngadvance.AdvanceOne" name="logoutUser1" time="0.036"/>
  <system-out/>
  <testcase classname="com.sgtesting.testngadvance.AdvanceOne" name="loginUser2" time="9.400"/>
  <system-out/>
  <testcase classname="com.sgtesting.testngadvance.AdvanceOne" name="logoutUser2" time="0.036"/>
  <system-out/>
  <testcase classname="com.sgtesting.testngadvance.AdvanceOne" name="loginUser3" time="9.416"/>
  <system-out/>
  <testcase classname="com.sgtesting.testngadvance.AdvanceOne" name="logoutUser3" time="0.033"/>
  <system-out/>
  <testcase classname="com.sgtesting.testngadvance.AdvanceOne" name="loginA" time="3.275"/>
  <system-out/>
  <testcase classname="com.sgtesting.testngadvance.AdvanceOne" name="modifyUser1User2User3" time="5.692"/>
  <system-out/>
  <testcase classname="com.sgtesting.testngadvance.AdvanceOne" name="logoutA" time="3.318"/>
  <system-out/>
  <testcase classname="com.sgtesting.testngadvance.AdvanceOne" name="loginUser1A" time="9.342"/>
  <system-out/>
  <testcase classname="com.sgtesting.testngadvance.AdvanceOne" name="logoutUser1A" time="0.055"/>
  <system-out/>
  <testcase classname="com.sgtesting.testngadvance.AdvanceOne" name="loginUser2A" time="9.262"/>
  <system-out/>
  <testcase classname="com.sgtesting.testngadvance.AdvanceOne" name="logoutUser2A" time="0.049"/>
  <system-out/>
  <testcase classname="com.sgtesting.testngadvance.AdvanceOne" name="loginUser3A" time="9.254"/>
  <system-out/>
  <testcase classname="com.sgtesting.testngadvance.AdvanceOne" name="logoutUser3A" time="0.070"/>
  <system-out/>
  <testcase classname="com.sgtesting.testngadvance.AdvanceOne" name="loginB" time="3.255"/>
  <system-out/>
  <testcase classname="com.sgtesting.testngadvance.AdvanceOne" name="deleteUser1" time="5.631"/>
  <system-out/>
  <testcase classname="com.sgtesting.testngadvance.AdvanceOne" name="deleteUser2" time="0.031"/>
  <system-out/>
  <testcase classname="com.sgtesting.testngadvance.AdvanceOne" name="deleteUser3" time="0.020"/>
  <system-out/>
  <testcase classname="com.sgtesting.testngadvance.AdvanceOne" name="logoutB" time="3.239"/>
  <system-out/>
  <testcase classname="com.sgtesting.testngadvance.AdvanceOne" name="closeApplication" time="3.131"/>
  <system-out/>
</testsuite> <!-- com.sgtesting.testngadvance.AdvanceOne -->
