<?xml version="1.0" encoding="UTF-8"?>
<!-- Generated by org.testng.reporters.JUnitReportReporter -->
<testsuite hostname="Bapu" failures="0" tests="10" name="com.sgtesting.testng.Basic5" time="30.251" errors="0" timestamp="2022-06-11T23:07:06 IST" skipped="0">
  <testcase classname="com.sgtesting.testng.Basic5" name="LaunchBrowser" time="2.404"/>
  <system-out/>
  <testcase classname="com.sgtesting.testng.Basic5" name="navigate" time="3.191"/>
  <system-out/>
  <testcase classname="com.sgtesting.testng.Basic5" name="login" time="5.233"/>
  <system-out/>
  <testcase classname="com.sgtesting.testng.Basic5" name="minimizewindow" time="0.110"/>
  <system-out/>
  <testcase classname="com.sgtesting.testng.Basic5" name="createcustomer" time="2.954"/>
  <system-out/>
  <testcase classname="com.sgtesting.testng.Basic5" name="createproject" time="1.070"/>
  <system-out/>
  <testcase classname="com.sgtesting.testng.Basic5" name="deleteproject" time="8.355"/>
  <system-out/>
  <testcase classname="com.sgtesting.testng.Basic5" name="deletecustomer" time="6.411"/>
  <system-out/>
  <testcase classname="com.sgtesting.testng.Basic5" name="logout" time="0.330"/>
  <system-out/>
  <testcase classname="com.sgtesting.testng.Basic5" name="closeapp" time="0.193"/>
  <system-out/>
</testsuite> <!-- com.sgtesting.testng.Basic5 -->
