<?xml version="1.0" encoding="UTF-8"?>
<!-- Generated by org.testng.reporters.JUnitReportReporter -->
<testsuite hostname="Bapu" failures="0" tests="8" name="com.sgtesting.testng.Basic3" time="23.261" errors="0" timestamp="2022-06-11T23:07:06 IST" skipped="0">
  <testcase classname="com.sgtesting.testng.Basic3" name="launch" time="2.123"/>
  <system-out/>
  <testcase classname="com.sgtesting.testng.Basic3" name="navigate" time="4.403"/>
  <system-out/>
  <testcase classname="com.sgtesting.testng.Basic3" name="login" time="5.191"/>
  <system-out/>
  <testcase classname="com.sgtesting.testng.Basic3" name="createcustomer" time="4.684"/>
  <system-out/>
  <testcase classname="com.sgtesting.testng.Basic3" name="deletecustomer" time="4.379"/>
  <system-out/>
  <testcase classname="com.sgtesting.testng.Basic3" name="minimizewindow" time="0.015"/>
  <system-out/>
  <testcase classname="com.sgtesting.testng.Basic3" name="logout" time="2.281"/>
  <system-out/>
  <testcase classname="com.sgtesting.testng.Basic3" name="closeapp" time="0.185"/>
  <system-out/>
</testsuite> <!-- com.sgtesting.testng.Basic3 -->
