<?xml version="1.0" encoding="UTF-8"?>
<!-- Generated by org.testng.reporters.JUnitReportReporter -->
<testsuite hostname="Bapu" failures="0" tests="39" name="com.sgtesting.testngadvance.AdvanceTwo" time="114.215" errors="0" timestamp="2022-06-11T23:20:25 IST" skipped="0">
  <testcase classname="com.sgtesting.testngadvance.AdvanceTwo" name="launchBrowser" time="1.294"/>
  <system-out/>
  <testcase classname="com.sgtesting.testngadvance.AdvanceTwo" name="navigate" time="5.967"/>
  <system-out/>
  <testcase classname="com.sgtesting.testngadvance.AdvanceTwo" name="login" time="4.197"/>
  <system-out/>
  <testcase classname="com.sgtesting.testngadvance.AdvanceTwo" name="minimizeFlyOutWindow" time="0.066"/>
  <system-out/>
  <testcase classname="com.sgtesting.testngadvance.AdvanceTwo" name="createUser1" time="11.869"/>
  <system-out/>
  <testcase classname="com.sgtesting.testngadvance.AdvanceTwo" name="logout" time="2.283"/>
  <system-out/>
  <testcase classname="com.sgtesting.testngadvance.AdvanceTwo" name="loginUser1" time="4.348"/>
  <system-out/>
  <testcase classname="com.sgtesting.testngadvance.AdvanceTwo" name="createUser2" time="0.022"/>
  <system-out/>
  <testcase classname="com.sgtesting.testngadvance.AdvanceTwo" name="logoutuser1" time="0.028"/>
  <system-out/>
  <testcase classname="com.sgtesting.testngadvance.AdvanceTwo" name="loginUser2" time="6.308"/>
  <system-out/>
  <testcase classname="com.sgtesting.testngadvance.AdvanceTwo" name="createUser3" time="0.018"/>
  <system-out/>
  <testcase classname="com.sgtesting.testngadvance.AdvanceTwo" name="logoutuser2" time="0.024"/>
  <system-out/>
  <testcase classname="com.sgtesting.testngadvance.AdvanceTwo" name="loginUser3" time="6.336"/>
  <system-out/>
  <testcase classname="com.sgtesting.testngadvance.AdvanceTwo" name="logoutUser3" time="0.029"/>
  <system-out/>
  <testcase classname="com.sgtesting.testngadvance.AdvanceTwo" name="loginUser2a" time="6.245"/>
  <system-out/>
  <testcase classname="com.sgtesting.testngadvance.AdvanceTwo" name="modifyPasswordUser3" time="0.056"/>
  <system-out/>
  <testcase classname="com.sgtesting.testngadvance.AdvanceTwo" name="logoutuser2a" time="0.028"/>
  <system-out/>
  <testcase classname="com.sgtesting.testngadvance.AdvanceTwo" name="loginUser3a" time="6.273"/>
  <system-out/>
  <testcase classname="com.sgtesting.testngadvance.AdvanceTwo" name="logoutuser3a" time="0.050"/>
  <system-out/>
  <testcase classname="com.sgtesting.testngadvance.AdvanceTwo" name="loginUser1a" time="4.201"/>
  <system-out/>
  <testcase classname="com.sgtesting.testngadvance.AdvanceTwo" name="modifyUSer2a" time="0.045"/>
  <system-out/>
  <testcase classname="com.sgtesting.testngadvance.AdvanceTwo" name="logoutuser1a" time="0.028"/>
  <system-out/>
  <testcase classname="com.sgtesting.testngadvance.AdvanceTwo" name="loginUser2amodified" time="6.291"/>
  <system-out/>
  <testcase classname="com.sgtesting.testngadvance.AdvanceTwo" name="logoutuser2amodified" time="0.074"/>
  <system-out/>
  <testcase classname="com.sgtesting.testngadvance.AdvanceTwo" name="loginadmin" time="4.257"/>
  <system-out/>
  <testcase classname="com.sgtesting.testngadvance.AdvanceTwo" name="modifyPasswordUser1" time="11.161"/>
  <system-out/>
  <testcase classname="com.sgtesting.testngadvance.AdvanceTwo" name="logoutadmin" time="2.279"/>
  <system-out/>
  <testcase classname="com.sgtesting.testngadvance.AdvanceTwo" name="modifiedloginUser1" time="4.263"/>
  <system-out/>
  <testcase classname="com.sgtesting.testngadvance.AdvanceTwo" name="modifiedlogoutUser1" time="0.058"/>
  <system-out/>
  <testcase classname="com.sgtesting.testngadvance.AdvanceTwo" name="newloginUser2a" time="6.210"/>
  <system-out/>
  <testcase classname="com.sgtesting.testngadvance.AdvanceTwo" name="deleteUser3a" time="0.058"/>
  <system-out/>
  <testcase classname="com.sgtesting.testngadvance.AdvanceTwo" name="newlogoutUser2a" time="0.022"/>
  <system-out/>
  <testcase classname="com.sgtesting.testngadvance.AdvanceTwo" name="newloginUser1a" time="4.239"/>
  <system-out/>
  <testcase classname="com.sgtesting.testngadvance.AdvanceTwo" name="deleteUser2a" time="0.020"/>
  <system-out/>
  <testcase classname="com.sgtesting.testngadvance.AdvanceTwo" name="newlogoutUser1a" time="0.014"/>
  <system-out/>
  <testcase classname="com.sgtesting.testngadvance.AdvanceTwo" name="loginadmina" time="4.153"/>
  <system-out/>
  <testcase classname="com.sgtesting.testngadvance.AdvanceTwo" name="deleteUser1a" time="8.881"/>
  <system-out/>
  <testcase classname="com.sgtesting.testngadvance.AdvanceTwo" name="logoutadmina" time="2.264"/>
  <system-out/>
  <testcase classname="com.sgtesting.testngadvance.AdvanceTwo" name="closeApplication" time="0.256"/>
  <system-out/>
</testsuite> <!-- com.sgtesting.testngadvance.AdvanceTwo -->
