<?xml version="1.0" encoding="UTF-8"?>
<!-- Generated by org.testng.reporters.JUnitReportReporter -->
<testsuite hostname="Bapu" failures="0" tests="11" name="com.sgtesting.testng.Basic6" time="14.163" errors="0" timestamp="2022-06-11T23:07:06 IST" skipped="0">
  <testcase classname="com.sgtesting.testng.Basic6" name="LaunchBrowser" time="1.842"/>
  <system-out/>
  <testcase classname="com.sgtesting.testng.Basic6" name="navigate" time="2.396"/>
  <system-out/>
  <testcase classname="com.sgtesting.testng.Basic6" name="login" time="5.263"/>
  <system-out/>
  <testcase classname="com.sgtesting.testng.Basic6" name="minimizewindow" time="0.101"/>
  <system-out/>
  <testcase classname="com.sgtesting.testng.Basic6" name="createcustomer" time="2.979"/>
  <system-out/>
  <testcase classname="com.sgtesting.testng.Basic6" name="createproject" time="1.078"/>
  <system-out/>
  <testcase classname="com.sgtesting.testng.Basic6" name="modifyproject" time="0.031"/>
  <system-out/>
  <testcase classname="com.sgtesting.testng.Basic6" name="deleteproject" time="0.010"/>
  <system-out/>
  <testcase classname="com.sgtesting.testng.Basic6" name="deletecustomer" time="0.016"/>
  <system-out/>
  <testcase classname="com.sgtesting.testng.Basic6" name="logout" time="0.207"/>
  <system-out/>
  <testcase classname="com.sgtesting.testng.Basic6" name="closeapp" time="0.240"/>
  <system-out/>
</testsuite> <!-- com.sgtesting.testng.Basic6 -->
