<?xml version="1.0" encoding="UTF-8"?>
<!-- Generated by org.testng.reporters.JUnitReportReporter -->
<testsuite hostname="Bapu" failures="0" tests="9" name="com.sgtesting.testng.Basic2" time="37.541" errors="0" timestamp="2022-06-11T23:07:06 IST" skipped="0">
  <testcase classname="com.sgtesting.testng.Basic2" name="LaunchBrowser" time="2.160"/>
  <system-out/>
  <testcase classname="com.sgtesting.testng.Basic2" name="Navigate" time="3.349"/>
  <system-out/>
  <testcase classname="com.sgtesting.testng.Basic2" name="login" time="5.290"/>
  <system-out/>
  <testcase classname="com.sgtesting.testng.Basic2" name="minimizewindow" time="3.163"/>
  <system-out/>
  <testcase classname="com.sgtesting.testng.Basic2" name="createuser" time="15.398"/>
  <system-out/>
  <testcase classname="com.sgtesting.testng.Basic2" name="modifyuser" time="4.584"/>
  <system-out/>
  <testcase classname="com.sgtesting.testng.Basic2" name="deleteuser" time="2.196"/>
  <system-out/>
  <testcase classname="com.sgtesting.testng.Basic2" name="logout" time="1.094"/>
  <system-out/>
  <testcase classname="com.sgtesting.testng.Basic2" name="closeAplication" time="0.307"/>
  <system-out/>
</testsuite> <!-- com.sgtesting.testng.Basic2 -->
