<?xml version="1.0" encoding="UTF-8"?>
<!-- Generated by org.testng.reporters.JUnitReportReporter -->
<testsuite hostname="Bapu" failures="0" tests="13" name="com.sgtesting.testng.Basic7" time="19.105" errors="0" timestamp="2022-06-11T23:07:06 IST" skipped="0">
  <testcase classname="com.sgtesting.testng.Basic7" name="LaunchBrowser" time="1.230"/>
  <system-out/>
  <testcase classname="com.sgtesting.testng.Basic7" name="navigate" time="3.616"/>
  <system-out/>
  <testcase classname="com.sgtesting.testng.Basic7" name="login" time="5.235"/>
  <system-out/>
  <testcase classname="com.sgtesting.testng.Basic7" name="minimizewindow" time="2.445"/>
  <system-out/>
  <testcase classname="com.sgtesting.testng.Basic7" name="createcustomer" time="2.909"/>
  <system-out/>
  <testcase classname="com.sgtesting.testng.Basic7" name="createproject" time="1.064"/>
  <system-out/>
  <testcase classname="com.sgtesting.testng.Basic7" name="modifyproject" time="0.015"/>
  <system-out/>
  <testcase classname="com.sgtesting.testng.Basic7" name="createtask" time="2.090"/>
  <system-out/>
  <testcase classname="com.sgtesting.testng.Basic7" name="deletetask" time="0.016"/>
  <system-out/>
  <testcase classname="com.sgtesting.testng.Basic7" name="deleteproject" time="0.011"/>
  <system-out/>
  <testcase classname="com.sgtesting.testng.Basic7" name="deletecustomer" time="0.016"/>
  <system-out/>
  <testcase classname="com.sgtesting.testng.Basic7" name="logout" time="0.238"/>
  <system-out/>
  <testcase classname="com.sgtesting.testng.Basic7" name="closeapp" time="0.220"/>
  <system-out/>
</testsuite> <!-- com.sgtesting.testng.Basic7 -->
