<?xml version="1.0" encoding="UTF-8"?>
<!-- Generated by org.testng.reporters.JUnitReportReporter -->
<testsuite hostname="Bapu" failures="0" tests="9" name="com.sgtesting.testng.Basic4" time="26.378" errors="0" timestamp="2022-06-11T23:07:06 IST" skipped="0">
  <testcase classname="com.sgtesting.testng.Basic4" name="launch" time="1.397"/>
  <system-out/>
  <testcase classname="com.sgtesting.testng.Basic4" name="navigate" time="4.537"/>
  <system-out/>
  <testcase classname="com.sgtesting.testng.Basic4" name="login" time="5.190"/>
  <system-out/>
  <testcase classname="com.sgtesting.testng.Basic4" name="createcustomer" time="4.489"/>
  <system-out/>
  <testcase classname="com.sgtesting.testng.Basic4" name="modifycustomer" time="5.546"/>
  <system-out/>
  <testcase classname="com.sgtesting.testng.Basic4" name="minimizewindow" time="0.034"/>
  <system-out/>
  <testcase classname="com.sgtesting.testng.Basic4" name="deletecustomer" time="4.533"/>
  <system-out/>
  <testcase classname="com.sgtesting.testng.Basic4" name="logout" time="0.412"/>
  <system-out/>
  <testcase classname="com.sgtesting.testng.Basic4" name="closeapp" time="0.240"/>
  <system-out/>
</testsuite> <!-- com.sgtesting.testng.Basic4 -->
