<?xml version="1.0" encoding="UTF-8"?>
<!-- Generated by org.testng.reporters.JUnitReportReporter -->
<testsuite hostname="Bapu" failures="0" tests="8" name="com.sgtesting.testng.Basic1" time="20.727" errors="0" timestamp="2022-06-12T11:43:44 IST" skipped="0">
  <testcase classname="com.sgtesting.testng.Basic1" name="LaunchBrowser" time="5.061"/>
  <system-out/>
  <testcase classname="com.sgtesting.testng.Basic1" name="Navigate" time="7.263"/>
  <system-out/>
  <testcase classname="com.sgtesting.testng.Basic1" name="login" time="5.264"/>
  <system-out/>
  <testcase classname="com.sgtesting.testng.Basic1" name="minimizewindow" time="0.543"/>
  <system-out/>
  <testcase classname="com.sgtesting.testng.Basic1" name="createuser" time="1.186"/>
  <system-out/>
  <testcase classname="com.sgtesting.testng.Basic1" name="deleteuser" time="0.028"/>
  <system-out/>
  <testcase classname="com.sgtesting.testng.Basic1" name="logout" time="1.112"/>
  <system-out/>
  <testcase classname="com.sgtesting.testng.Basic1" name="closeAplication" time="0.270"/>
  <system-out/>
</testsuite> <!-- com.sgtesting.testng.Basic1 -->
